mode: set
github.com/devmeireles/gnosi-api/app/models/user.go:28.52,31.2 2 0
github.com/devmeireles/gnosi-api/app/models/user.go:33.53,35.16 2 0
github.com/devmeireles/gnosi-api/app/models/user.go:38.2,38.12 1 0
github.com/devmeireles/gnosi-api/app/models/user.go:35.16,37.3 1 0
github.com/devmeireles/gnosi-api/app/models/user.go:41.41,44.16 3 0
github.com/devmeireles/gnosi-api/app/models/user.go:47.2,48.12 2 0
github.com/devmeireles/gnosi-api/app/models/user.go:44.16,46.3 1 0
github.com/devmeireles/gnosi-api/app/utils/json.go:12.39,21.16 5 0
github.com/devmeireles/gnosi-api/app/utils/json.go:26.2,27.8 2 0
github.com/devmeireles/gnosi-api/app/utils/json.go:21.16,24.3 2 0
github.com/devmeireles/gnosi-api/app/utils/json.go:30.65,40.16 5 0
github.com/devmeireles/gnosi-api/app/utils/json.go:45.2,46.8 2 0
github.com/devmeireles/gnosi-api/app/utils/json.go:40.16,43.3 2 0
github.com/devmeireles/gnosi-api/app/utils/json.go:49.56,59.16 5 1
github.com/devmeireles/gnosi-api/app/utils/json.go:64.2,65.8 2 1
github.com/devmeireles/gnosi-api/app/utils/json.go:59.16,62.3 2 0
github.com/devmeireles/gnosi-api/app/services/categories.go:8.53,15.16 5 1
github.com/devmeireles/gnosi-api/app/services/categories.go:19.2,19.25 1 1
github.com/devmeireles/gnosi-api/app/services/categories.go:15.16,17.3 1 0
github.com/devmeireles/gnosi-api/app/services/user.go:8.58,11.69 2 0
github.com/devmeireles/gnosi-api/app/services/user.go:15.2,15.18 1 0
github.com/devmeireles/gnosi-api/app/services/user.go:11.69,13.3 1 0
github.com/devmeireles/gnosi-api/app/services/user.go:18.44,25.16 5 0
github.com/devmeireles/gnosi-api/app/services/user.go:29.2,29.20 1 0
github.com/devmeireles/gnosi-api/app/services/user.go:25.16,27.3 1 0
github.com/devmeireles/gnosi-api/app/services/user.go:32.44,39.16 5 0
github.com/devmeireles/gnosi-api/app/services/user.go:43.2,43.19 1 0
github.com/devmeireles/gnosi-api/app/services/user.go:39.16,41.3 1 0
github.com/devmeireles/gnosi-api/app/services/user.go:46.57,53.16 5 0
github.com/devmeireles/gnosi-api/app/services/user.go:57.2,57.19 1 0
github.com/devmeireles/gnosi-api/app/services/user.go:53.16,55.3 1 0
github.com/devmeireles/gnosi-api/app/services/user.go:60.66,63.89 2 0
github.com/devmeireles/gnosi-api/app/services/user.go:67.2,67.18 1 0
github.com/devmeireles/gnosi-api/app/services/user.go:63.89,65.3 1 0
github.com/devmeireles/gnosi-api/app/services/user.go:70.47,77.16 5 0
github.com/devmeireles/gnosi-api/app/services/user.go:81.2,83.16 2 0
github.com/devmeireles/gnosi-api/app/services/user.go:87.2,87.19 1 0
github.com/devmeireles/gnosi-api/app/services/user.go:77.16,79.3 1 0
github.com/devmeireles/gnosi-api/app/services/user.go:83.16,85.3 1 0
github.com/devmeireles/gnosi-api/app/services/user.go:90.74,93.75 2 0
github.com/devmeireles/gnosi-api/app/services/user.go:97.2,97.21 1 0
github.com/devmeireles/gnosi-api/app/services/user.go:93.75,95.3 1 0
github.com/devmeireles/gnosi-api/app/services/user.go:100.74,103.120 2 0
github.com/devmeireles/gnosi-api/app/services/user.go:107.2,107.21 1 0
github.com/devmeireles/gnosi-api/app/services/user.go:103.120,105.3 1 0
github.com/devmeireles/gnosi-api/app/routes/router.go:14.49,49.2 7 1
github.com/devmeireles/gnosi-api/app/controller/auth.go:22.52,26.16 3 0
github.com/devmeireles/gnosi-api/app/controller/auth.go:31.2,33.16 3 0
github.com/devmeireles/gnosi-api/app/controller/auth.go:38.2,39.16 2 0
github.com/devmeireles/gnosi-api/app/controller/auth.go:44.2,45.16 2 0
github.com/devmeireles/gnosi-api/app/controller/auth.go:50.2,51.16 2 0
github.com/devmeireles/gnosi-api/app/controller/auth.go:56.2,58.23 2 0
github.com/devmeireles/gnosi-api/app/controller/auth.go:26.16,29.3 2 0
github.com/devmeireles/gnosi-api/app/controller/auth.go:33.16,36.3 2 0
github.com/devmeireles/gnosi-api/app/controller/auth.go:39.16,42.3 2 0
github.com/devmeireles/gnosi-api/app/controller/auth.go:45.16,48.3 2 0
github.com/devmeireles/gnosi-api/app/controller/auth.go:51.16,54.3 2 0
github.com/devmeireles/gnosi-api/app/controller/auth.go:70.57,72.16 2 0
github.com/devmeireles/gnosi-api/app/controller/auth.go:77.2,79.16 3 0
github.com/devmeireles/gnosi-api/app/controller/auth.go:84.2,86.16 2 0
github.com/devmeireles/gnosi-api/app/controller/auth.go:90.2,90.26 1 0
github.com/devmeireles/gnosi-api/app/controller/auth.go:72.16,75.3 2 0
github.com/devmeireles/gnosi-api/app/controller/auth.go:79.16,82.3 2 0
github.com/devmeireles/gnosi-api/app/controller/auth.go:86.16,89.3 2 0
github.com/devmeireles/gnosi-api/app/controller/categories.go:19.63,22.16 2 1
github.com/devmeireles/gnosi-api/app/controller/categories.go:27.2,27.25 1 1
github.com/devmeireles/gnosi-api/app/controller/categories.go:22.16,25.3 2 0
github.com/devmeireles/gnosi-api/app/utils/database.go:14.80,20.16 4 1
github.com/devmeireles/gnosi-api/app/utils/database.go:24.2,31.88 2 1
github.com/devmeireles/gnosi-api/app/utils/database.go:20.16,22.3 1 0
github.com/devmeireles/gnosi-api/app/utils/database.go:35.24,37.2 1 1
github.com/devmeireles/gnosi-api/app/utils/token.go:10.51,17.2 6 0
